Traceback (most recent call last):
  File "/opt/hostedtoolcache/Python/3.8.12/x64/lib/python3.8/site-packages/jupyter_cache/executors/utils.py", line 51, in single_nb_execution
    executenb(
  File "/opt/hostedtoolcache/Python/3.8.12/x64/lib/python3.8/site-packages/nbclient/client.py", line 1204, in execute
    return NotebookClient(nb=nb, resources=resources, km=km, **kwargs).execute()
  File "/opt/hostedtoolcache/Python/3.8.12/x64/lib/python3.8/site-packages/nbclient/util.py", line 84, in wrapped
    return just_run(coro(*args, **kwargs))
  File "/opt/hostedtoolcache/Python/3.8.12/x64/lib/python3.8/site-packages/nbclient/util.py", line 62, in just_run
    return loop.run_until_complete(coro)
  File "/opt/hostedtoolcache/Python/3.8.12/x64/lib/python3.8/asyncio/base_events.py", line 616, in run_until_complete
    return future.result()
  File "/opt/hostedtoolcache/Python/3.8.12/x64/lib/python3.8/site-packages/nbclient/client.py", line 663, in async_execute
    await self.async_execute_cell(
  File "/opt/hostedtoolcache/Python/3.8.12/x64/lib/python3.8/site-packages/nbclient/client.py", line 965, in async_execute_cell
    await self._check_raise_for_error(cell, cell_index, exec_reply)
  File "/opt/hostedtoolcache/Python/3.8.12/x64/lib/python3.8/site-packages/nbclient/client.py", line 862, in _check_raise_for_error
    raise CellExecutionError.from_cell_and_msg(cell, exec_reply_content)
nbclient.exceptions.CellExecutionError: An error occurred while executing the following cell:
------------------
from graspologic.simulations import er_np
from graphbook_code import draw_multiplot

A = er_np(n=40, p=0.2)

draw_multiplot(A, title="Simulated ER(0.2)");
------------------

[0;31m---------------------------------------------------------------------------[0m
[0;31mImportError[0m                               Traceback (most recent call last)
Input [0;32mIn [3][0m, in [0;36m<cell line: 1>[0;34m()[0m
[0;32m----> 1[0m [38;5;28;01mfrom[39;00m [38;5;21;01mgraspologic[39;00m[38;5;21;01m.[39;00m[38;5;21;01msimulations[39;00m [38;5;28;01mimport[39;00m er_np
[1;32m      2[0m [38;5;28;01mfrom[39;00m [38;5;21;01mgraphbook_code[39;00m [38;5;28;01mimport[39;00m draw_multiplot
[1;32m      4[0m A [38;5;241m=[39m er_np(n[38;5;241m=[39m[38;5;241m40[39m, p[38;5;241m=[39m[38;5;241m0.2[39m)

File [0;32m/opt/hostedtoolcache/Python/3.8.12/x64/lib/python3.8/site-packages/graspologic/__init__.py:8[0m, in [0;36m<module>[0;34m[0m
[1;32m      6[0m [38;5;28;01mimport[39;00m [38;5;21;01mgraspologic[39;00m[38;5;21;01m.[39;00m[38;5;21;01mdatasets[39;00m
[1;32m      7[0m [38;5;28;01mimport[39;00m [38;5;21;01mgraspologic[39;00m[38;5;21;01m.[39;00m[38;5;21;01membed[39;00m
[0;32m----> 8[0m [38;5;28;01mimport[39;00m [38;5;21;01mgraspologic[39;00m[38;5;21;01m.[39;00m[38;5;21;01minference[39;00m
[1;32m      9[0m [38;5;28;01mimport[39;00m [38;5;21;01mgraspologic[39;00m[38;5;21;01m.[39;00m[38;5;21;01mlayouts[39;00m
[1;32m     10[0m [38;5;28;01mimport[39;00m [38;5;21;01mgraspologic[39;00m[38;5;21;01m.[39;00m[38;5;21;01mmodels[39;00m

File [0;32m/opt/hostedtoolcache/Python/3.8.12/x64/lib/python3.8/site-packages/graspologic/inference/__init__.py:4[0m, in [0;36m<module>[0;34m[0m
[1;32m      1[0m [38;5;66;03m# Copyright (c) Microsoft Corporation and contributors.[39;00m
[1;32m      2[0m [38;5;66;03m# Licensed under the MIT License.[39;00m
[0;32m----> 4[0m [38;5;28;01mfrom[39;00m [38;5;21;01m.[39;00m[38;5;21;01mlatent_distribution_test[39;00m [38;5;28;01mimport[39;00m latent_distribution_test
[1;32m      5[0m [38;5;28;01mfrom[39;00m [38;5;21;01m.[39;00m[38;5;21;01mlatent_position_test[39;00m [38;5;28;01mimport[39;00m latent_position_test
[1;32m      7[0m __all__ [38;5;241m=[39m [[38;5;124m"[39m[38;5;124mlatent_position_test[39m[38;5;124m"[39m, [38;5;124m"[39m[38;5;124mlatent_distribution_test[39m[38;5;124m"[39m]

File [0;32m/opt/hostedtoolcache/Python/3.8.12/x64/lib/python3.8/site-packages/graspologic/inference/latent_distribution_test.py:7[0m, in [0;36m<module>[0;34m[0m
[1;32m      4[0m [38;5;28;01mfrom[39;00m [38;5;21;01mtyping[39;00m [38;5;28;01mimport[39;00m Any, Callable, NamedTuple, Optional, Union
[1;32m      6[0m [38;5;28;01mimport[39;00m [38;5;21;01mnumpy[39;00m [38;5;28;01mas[39;00m [38;5;21;01mnp[39;00m
[0;32m----> 7[0m [38;5;28;01mfrom[39;00m [38;5;21;01mhyppo[39;00m[38;5;21;01m.[39;00m[38;5;21;01mksample[39;00m [38;5;28;01mimport[39;00m KSample
[1;32m      8[0m [38;5;28;01mfrom[39;00m [38;5;21;01mjoblib[39;00m [38;5;28;01mimport[39;00m Parallel, delayed
[1;32m      9[0m [38;5;28;01mfrom[39;00m [38;5;21;01mscipy[39;00m [38;5;28;01mimport[39;00m stats

File [0;32m/opt/hostedtoolcache/Python/3.8.12/x64/lib/python3.8/site-packages/hyppo/__init__.py:1[0m, in [0;36m<module>[0;34m[0m
[0;32m----> 1[0m [38;5;28;01mimport[39;00m [38;5;21;01mhyppo[39;00m[38;5;21;01m.[39;00m[38;5;21;01mdiscrim[39;00m
[1;32m      2[0m [38;5;28;01mimport[39;00m [38;5;21;01mhyppo[39;00m[38;5;21;01m.[39;00m[38;5;21;01mindependence[39;00m
[1;32m      3[0m [38;5;28;01mimport[39;00m [38;5;21;01mhyppo[39;00m[38;5;21;01m.[39;00m[38;5;21;01mksample[39;00m

File [0;32m/opt/hostedtoolcache/Python/3.8.12/x64/lib/python3.8/site-packages/hyppo/discrim/__init__.py:1[0m, in [0;36m<module>[0;34m[0m
[0;32m----> 1[0m [38;5;28;01mfrom[39;00m [38;5;21;01m.[39;00m[38;5;21;01mdiscrim_one_samp[39;00m [38;5;28;01mimport[39;00m DiscrimOneSample
[1;32m      2[0m [38;5;28;01mfrom[39;00m [38;5;21;01m.[39;00m[38;5;21;01mdiscrim_two_samp[39;00m [38;5;28;01mimport[39;00m DiscrimTwoSample
[1;32m      4[0m __all__ [38;5;241m=[39m [s [38;5;28;01mfor[39;00m s [38;5;129;01min[39;00m [38;5;28mdir[39m()]

File [0;32m/opt/hostedtoolcache/Python/3.8.12/x64/lib/python3.8/site-packages/hyppo/discrim/discrim_one_samp.py:5[0m, in [0;36m<module>[0;34m[0m
[1;32m      3[0m [38;5;28;01mimport[39;00m [38;5;21;01mnumpy[39;00m [38;5;28;01mas[39;00m [38;5;21;01mnp[39;00m
[1;32m      4[0m [38;5;28;01mfrom[39;00m [38;5;21;01mscipy[39;00m[38;5;21;01m.[39;00m[38;5;21;01m_lib[39;00m[38;5;21;01m.[39;00m[38;5;21;01m_util[39;00m [38;5;28;01mimport[39;00m MapWrapper
[0;32m----> 5[0m [38;5;28;01mfrom[39;00m [38;5;21;01m.[39;00m[38;5;21;01m_utils[39;00m [38;5;28;01mimport[39;00m _CheckInputs
[1;32m      6[0m [38;5;28;01mfrom[39;00m [38;5;21;01m.[39;00m[38;5;21;01mbase[39;00m [38;5;28;01mimport[39;00m DiscriminabilityTest
[1;32m      7[0m [38;5;28;01mfrom[39;00m [38;5;21;01msklearn[39;00m[38;5;21;01m.[39;00m[38;5;21;01mutils[39;00m [38;5;28;01mimport[39;00m check_random_state

File [0;32m/opt/hostedtoolcache/Python/3.8.12/x64/lib/python3.8/site-packages/hyppo/discrim/_utils.py:4[0m, in [0;36m<module>[0;34m[0m
[1;32m      1[0m [38;5;28;01mimport[39;00m [38;5;21;01mnumpy[39;00m [38;5;28;01mas[39;00m [38;5;21;01mnp[39;00m
[1;32m      2[0m [38;5;28;01mfrom[39;00m [38;5;21;01msklearn[39;00m[38;5;21;01m.[39;00m[38;5;21;01mmetrics[39;00m [38;5;28;01mimport[39;00m pairwise_distances
[0;32m----> 4[0m [38;5;28;01mfrom[39;00m [38;5;21;01m.[39;00m[38;5;21;01m.[39;00m[38;5;21;01mtools[39;00m [38;5;28;01mimport[39;00m check_ndarray_xy, check_reps, contains_nan, convert_xy_float64
[1;32m      7[0m [38;5;28;01mclass[39;00m [38;5;21;01m_CheckInputs[39;00m:
[1;32m      8[0m     [38;5;124;03m"""Checks inputs for discriminability tests"""[39;00m

File [0;32m/opt/hostedtoolcache/Python/3.8.12/x64/lib/python3.8/site-packages/hyppo/tools/__init__.py:4[0m, in [0;36m<module>[0;34m[0m
[1;32m      2[0m [38;5;28;01mfrom[39;00m [38;5;21;01m.[39;00m[38;5;21;01mindep_sim[39;00m [38;5;28;01mimport[39;00m [38;5;241m*[39m
[1;32m      3[0m [38;5;28;01mfrom[39;00m [38;5;21;01m.[39;00m[38;5;21;01mksample_sim[39;00m [38;5;28;01mimport[39;00m [38;5;241m*[39m
[0;32m----> 4[0m [38;5;28;01mfrom[39;00m [38;5;21;01m.[39;00m[38;5;21;01mpower[39;00m [38;5;28;01mimport[39;00m [38;5;241m*[39m
[1;32m      5[0m [38;5;28;01mfrom[39;00m [38;5;21;01m.[39;00m[38;5;21;01mtime_series_sim[39;00m [38;5;28;01mimport[39;00m [38;5;241m*[39m
[1;32m      7[0m __all__ [38;5;241m=[39m [s [38;5;28;01mfor[39;00m s [38;5;129;01min[39;00m [38;5;28mdir[39m() [38;5;28;01mif[39;00m [38;5;129;01mnot[39;00m s[38;5;241m.[39mstartswith([38;5;124m"[39m[38;5;124m_[39m[38;5;124m"[39m)]

File [0;32m/opt/hostedtoolcache/Python/3.8.12/x64/lib/python3.8/site-packages/hyppo/tools/power.py:5[0m, in [0;36m<module>[0;34m[0m
[1;32m      1[0m [38;5;28;01mfrom[39;00m [38;5;21;01mmath[39;00m [38;5;28;01mimport[39;00m ceil
[1;32m      3[0m [38;5;28;01mimport[39;00m [38;5;21;01mnumpy[39;00m [38;5;28;01mas[39;00m [38;5;21;01mnp[39;00m
[0;32m----> 5[0m [38;5;28;01mfrom[39;00m [38;5;21;01m.[39;00m[38;5;21;01m.[39;00m[38;5;21;01mindependence[39;00m [38;5;28;01mimport[39;00m INDEP_TESTS
[1;32m      6[0m [38;5;28;01mfrom[39;00m [38;5;21;01m.[39;00m[38;5;21;01m.[39;00m[38;5;21;01mksample[39;00m [38;5;28;01mimport[39;00m KSAMP_TESTS, KSample, k_sample_transform
[1;32m      7[0m [38;5;28;01mfrom[39;00m [38;5;21;01m.[39;00m[38;5;21;01m.[39;00m[38;5;21;01md_variate[39;00m [38;5;28;01mimport[39;00m MULTI_TESTS

File [0;32m/opt/hostedtoolcache/Python/3.8.12/x64/lib/python3.8/site-packages/hyppo/independence/__init__.py:3[0m, in [0;36m<module>[0;34m[0m
[1;32m      1[0m [38;5;28;01mfrom[39;00m [38;5;21;01m.[39;00m[38;5;21;01m_utils[39;00m [38;5;28;01mimport[39;00m sim_matrix
[1;32m      2[0m [38;5;28;01mfrom[39;00m [38;5;21;01m.[39;00m[38;5;21;01mcca[39;00m [38;5;28;01mimport[39;00m CCA
[0;32m----> 3[0m [38;5;28;01mfrom[39;00m [38;5;21;01m.[39;00m[38;5;21;01mdcorr[39;00m [38;5;28;01mimport[39;00m Dcorr
[1;32m      4[0m [38;5;28;01mfrom[39;00m [38;5;21;01m.[39;00m[38;5;21;01mhhg[39;00m [38;5;28;01mimport[39;00m HHG
[1;32m      5[0m [38;5;28;01mfrom[39;00m [38;5;21;01m.[39;00m[38;5;21;01mhsic[39;00m [38;5;28;01mimport[39;00m Hsic

File [0;32m/opt/hostedtoolcache/Python/3.8.12/x64/lib/python3.8/site-packages/hyppo/independence/dcorr.py:2[0m, in [0;36m<module>[0;34m[0m
[1;32m      1[0m [38;5;28;01mimport[39;00m [38;5;21;01mnumpy[39;00m [38;5;28;01mas[39;00m [38;5;21;01mnp[39;00m
[0;32m----> 2[0m [38;5;28;01mfrom[39;00m [38;5;21;01mnumba[39;00m [38;5;28;01mimport[39;00m jit
[1;32m      4[0m [38;5;28;01mfrom[39;00m [38;5;21;01m.[39;00m[38;5;21;01m.[39;00m[38;5;21;01mtools[39;00m [38;5;28;01mimport[39;00m check_perm_blocks_dim, chi2_approx, compute_dist
[1;32m      5[0m [38;5;28;01mfrom[39;00m [38;5;21;01m.[39;00m[38;5;21;01m_utils[39;00m [38;5;28;01mimport[39;00m _CheckInputs

File [0;32m/opt/hostedtoolcache/Python/3.8.12/x64/lib/python3.8/site-packages/numba/__init__.py:200[0m, in [0;36m<module>[0;34m[0m
[1;32m    197[0m     [38;5;28;01mreturn[39;00m [38;5;28;01mFalse[39;00m
[1;32m    199[0m _ensure_llvm()
[0;32m--> 200[0m [43m_ensure_critical_deps[49m[43m([49m[43m)[49m
[1;32m    202[0m [38;5;66;03m# we know llvmlite is working as the above tests passed, import it now as SVML[39;00m
[1;32m    203[0m [38;5;66;03m# needs to mutate runtime options (sets the `-vector-library`).[39;00m
[1;32m    204[0m [38;5;28;01mimport[39;00m [38;5;21;01mllvmlite[39;00m

File [0;32m/opt/hostedtoolcache/Python/3.8.12/x64/lib/python3.8/site-packages/numba/__init__.py:140[0m, in [0;36m_ensure_critical_deps[0;34m()[0m
[1;32m    138[0m     [38;5;28;01mraise[39;00m [38;5;167;01mImportError[39;00m([38;5;124m"[39m[38;5;124mNumba needs NumPy 1.18 or greater[39m[38;5;124m"[39m)
[1;32m    139[0m [38;5;28;01melif[39;00m numpy_version [38;5;241m>[39m ([38;5;241m1[39m, [38;5;241m21[39m):
[0;32m--> 140[0m     [38;5;28;01mraise[39;00m [38;5;167;01mImportError[39;00m([38;5;124m"[39m[38;5;124mNumba needs NumPy 1.21 or less[39m[38;5;124m"[39m)
[1;32m    142[0m [38;5;28;01mtry[39;00m:
[1;32m    143[0m     [38;5;28;01mimport[39;00m [38;5;21;01mscipy[39;00m

[0;31mImportError[0m: Numba needs NumPy 1.21 or less
ImportError: Numba needs NumPy 1.21 or less

