Traceback (most recent call last):
  File "/opt/hostedtoolcache/Python/3.8.12/x64/lib/python3.8/site-packages/jupyter_cache/executors/utils.py", line 51, in single_nb_execution
    executenb(
  File "/opt/hostedtoolcache/Python/3.8.12/x64/lib/python3.8/site-packages/nbclient/client.py", line 1204, in execute
    return NotebookClient(nb=nb, resources=resources, km=km, **kwargs).execute()
  File "/opt/hostedtoolcache/Python/3.8.12/x64/lib/python3.8/site-packages/nbclient/util.py", line 84, in wrapped
    return just_run(coro(*args, **kwargs))
  File "/opt/hostedtoolcache/Python/3.8.12/x64/lib/python3.8/site-packages/nbclient/util.py", line 62, in just_run
    return loop.run_until_complete(coro)
  File "/opt/hostedtoolcache/Python/3.8.12/x64/lib/python3.8/asyncio/base_events.py", line 616, in run_until_complete
    return future.result()
  File "/opt/hostedtoolcache/Python/3.8.12/x64/lib/python3.8/site-packages/nbclient/client.py", line 663, in async_execute
    await self.async_execute_cell(
  File "/opt/hostedtoolcache/Python/3.8.12/x64/lib/python3.8/site-packages/nbclient/client.py", line 965, in async_execute_cell
    await self._check_raise_for_error(cell, cell_index, exec_reply)
  File "/opt/hostedtoolcache/Python/3.8.12/x64/lib/python3.8/site-packages/nbclient/client.py", line 862, in _check_raise_for_error
    raise CellExecutionError.from_cell_and_msg(cell, exec_reply_content)
nbclient.exceptions.CellExecutionError: An error occurred while executing the following cell:
------------------
fig, axs = plt.subplots(1, 3, figsize=(18, 14))
mtxs = [D, PD, PDPt]
titles = ["Original matrix $D$", "Permutate the rows $PD$", r"Permute the rows then the columns $P^\\top DP$"]

for i, ax in enumerate(axs.flat):
    heatmap(mtxs[i], ax=ax, cbar=False, cmap=cmaps["sequential"], title = titles[i])
    ax.set_xlabel("Column")
    ax.set_ylabel("Row")
    ax.set_xticks([0.5,1.5,2.5,3.5])
    ax.set_yticks([0.5,1.5,2.5,3.5])
    ax.set_xticklabels([1,2,3,4])
    ax.set_yticklabels([1,2,3,4])
------------------

[0;31m---------------------------------------------------------------------------[0m
[0;31mNameError[0m                                 Traceback (most recent call last)
Input [0;32mIn [8][0m, in [0;36m<cell line: 2>[0;34m()[0m
[1;32m      1[0m fig, axs [38;5;241m=[39m plt[38;5;241m.[39msubplots([38;5;241m1[39m, [38;5;241m3[39m, figsize[38;5;241m=[39m([38;5;241m18[39m, [38;5;241m14[39m))
[0;32m----> 2[0m mtxs [38;5;241m=[39m [D, [43mPD[49m, PDPt]
[1;32m      3[0m titles [38;5;241m=[39m [[38;5;124m"[39m[38;5;124mOriginal matrix $D$[39m[38;5;124m"[39m, [38;5;124m"[39m[38;5;124mPermutate the rows $PD$[39m[38;5;124m"[39m, [38;5;124mr[39m[38;5;124m"[39m[38;5;124mPermute the rows then the columns $P^[39m[38;5;130;01m\\[39;00m[38;5;124mtop DP$[39m[38;5;124m"[39m]
[1;32m      5[0m [38;5;28;01mfor[39;00m i, ax [38;5;129;01min[39;00m [38;5;28menumerate[39m(axs[38;5;241m.[39mflat):

[0;31mNameError[0m: name 'PD' is not defined
NameError: name 'PD' is not defined

