Traceback (most recent call last):
  File "/opt/hostedtoolcache/Python/3.8.14/x64/lib/python3.8/site-packages/jupyter_cache/executors/utils.py", line 51, in single_nb_execution
    executenb(
  File "/opt/hostedtoolcache/Python/3.8.14/x64/lib/python3.8/site-packages/nbclient/client.py", line 1204, in execute
    return NotebookClient(nb=nb, resources=resources, km=km, **kwargs).execute()
  File "/opt/hostedtoolcache/Python/3.8.14/x64/lib/python3.8/site-packages/nbclient/util.py", line 84, in wrapped
    return just_run(coro(*args, **kwargs))
  File "/opt/hostedtoolcache/Python/3.8.14/x64/lib/python3.8/site-packages/nbclient/util.py", line 62, in just_run
    return loop.run_until_complete(coro)
  File "/opt/hostedtoolcache/Python/3.8.14/x64/lib/python3.8/asyncio/base_events.py", line 616, in run_until_complete
    return future.result()
  File "/opt/hostedtoolcache/Python/3.8.14/x64/lib/python3.8/site-packages/nbclient/client.py", line 663, in async_execute
    await self.async_execute_cell(
  File "/opt/hostedtoolcache/Python/3.8.14/x64/lib/python3.8/site-packages/nbclient/client.py", line 965, in async_execute_cell
    await self._check_raise_for_error(cell, cell_index, exec_reply)
  File "/opt/hostedtoolcache/Python/3.8.14/x64/lib/python3.8/site-packages/nbclient/client.py", line 862, in _check_raise_for_error
    raise CellExecutionError.from_cell_and_msg(cell, exec_reply_content)
nbclient.exceptions.CellExecutionError: An error occurred while executing the following cell:
------------------
import seaborn as sns
import pandas as pd
from scipy.stats import binom
import warnings
warnings.filterwarnings("ignore")

incr = [i/10 for i in range(0, 11)]
probs = [binom.pmf(k=i*10, n=10, p=0.5) for i in incr]

fig, ax = plt.subplots(1,1, figsize=(10, 5))
sns.barplot(incr, probs, color="blue", ax=ax);
ax.set_xlabel("Estimate of probability of landing on heads, $\hat p_0$")
ax.set_ylabel("Probability of seeing this estimate if $H_0$ true")
ax.set_title("Distribution of $\hat p_0$");
ax.axvline(6, color="red")
ax.text(6.5, .2, "Estimate we observed, $\hat p = 0.6$", color="red");
------------------

[0;31m---------------------------------------------------------------------------[0m
[0;31mNameError[0m                                 Traceback (most recent call last)
Cell [0;32mIn [1], line 10[0m
[1;32m      7[0m incr [38;5;241m=[39m [i[38;5;241m/[39m[38;5;241m10[39m [38;5;28;01mfor[39;00m i [38;5;129;01min[39;00m [38;5;28mrange[39m([38;5;241m0[39m, [38;5;241m11[39m)]
[1;32m      8[0m probs [38;5;241m=[39m [binom[38;5;241m.[39mpmf(k[38;5;241m=[39mi[38;5;241m*[39m[38;5;241m10[39m, n[38;5;241m=[39m[38;5;241m10[39m, p[38;5;241m=[39m[38;5;241m0.5[39m) [38;5;28;01mfor[39;00m i [38;5;129;01min[39;00m incr]
[0;32m---> 10[0m fig, ax [38;5;241m=[39m [43mplt[49m[38;5;241m.[39msubplots([38;5;241m1[39m,[38;5;241m1[39m, figsize[38;5;241m=[39m([38;5;241m10[39m, [38;5;241m5[39m))
[1;32m     11[0m sns[38;5;241m.[39mbarplot(incr, probs, color[38;5;241m=[39m[38;5;124m"[39m[38;5;124mblue[39m[38;5;124m"[39m, ax[38;5;241m=[39max);
[1;32m     12[0m ax[38;5;241m.[39mset_xlabel([38;5;124m"[39m[38;5;124mEstimate of probability of landing on heads, $[39m[38;5;124m\[39m[38;5;124mhat p_0$[39m[38;5;124m"[39m)

[0;31mNameError[0m: name 'plt' is not defined
NameError: name 'plt' is not defined

