Traceback (most recent call last):
  File "/opt/hostedtoolcache/Python/3.8.12/x64/lib/python3.8/site-packages/jupyter_cache/executors/utils.py", line 51, in single_nb_execution
    executenb(
  File "/opt/hostedtoolcache/Python/3.8.12/x64/lib/python3.8/site-packages/nbclient/client.py", line 1204, in execute
    return NotebookClient(nb=nb, resources=resources, km=km, **kwargs).execute()
  File "/opt/hostedtoolcache/Python/3.8.12/x64/lib/python3.8/site-packages/nbclient/util.py", line 84, in wrapped
    return just_run(coro(*args, **kwargs))
  File "/opt/hostedtoolcache/Python/3.8.12/x64/lib/python3.8/site-packages/nbclient/util.py", line 62, in just_run
    return loop.run_until_complete(coro)
  File "/opt/hostedtoolcache/Python/3.8.12/x64/lib/python3.8/asyncio/base_events.py", line 616, in run_until_complete
    return future.result()
  File "/opt/hostedtoolcache/Python/3.8.12/x64/lib/python3.8/site-packages/nbclient/client.py", line 663, in async_execute
    await self.async_execute_cell(
  File "/opt/hostedtoolcache/Python/3.8.12/x64/lib/python3.8/site-packages/nbclient/client.py", line 965, in async_execute_cell
    await self._check_raise_for_error(cell, cell_index, exec_reply)
  File "/opt/hostedtoolcache/Python/3.8.12/x64/lib/python3.8/site-packages/nbclient/client.py", line 862, in _check_raise_for_error
    raise CellExecutionError.from_cell_and_msg(cell, exec_reply_content)
nbclient.exceptions.CellExecutionError: An error occurred while executing the following cell:
------------------
fig, ax = plt.subplots(figsize=(6,6))

D_ax = heatmap(D, annot=True, linewidths=.1, cbar=False, title="Degree matrix $D$", 
               xticklabels=True, yticklabels=True, ax=ax);
------------------

[0;31m---------------------------------------------------------------------------[0m
[0;31mAttributeError[0m                            Traceback (most recent call last)
Input [0;32mIn [6][0m, in [0;36m<cell line: 3>[0;34m()[0m
[1;32m      1[0m fig, ax [38;5;241m=[39m plt[38;5;241m.[39msubplots(figsize[38;5;241m=[39m([38;5;241m6[39m,[38;5;241m6[39m))
[0;32m----> 3[0m D_ax [38;5;241m=[39m [43mheatmap[49m[43m([49m[43mD[49m[43m,[49m[43m [49m[43mannot[49m[38;5;241;43m=[39;49m[38;5;28;43;01mTrue[39;49;00m[43m,[49m[43m [49m[43mlinewidths[49m[38;5;241;43m=[39;49m[38;5;241;43m.1[39;49m[43m,[49m[43m [49m[43mcbar[49m[38;5;241;43m=[39;49m[38;5;28;43;01mFalse[39;49;00m[43m,[49m[43m [49m[43mtitle[49m[38;5;241;43m=[39;49m[38;5;124;43m"[39;49m[38;5;124;43mDegree matrix $D$[39;49m[38;5;124;43m"[39;49m[43m,[49m[43m [49m
[1;32m      4[0m [43m               [49m[43mxticklabels[49m[38;5;241;43m=[39;49m[38;5;28;43;01mTrue[39;49;00m[43m,[49m[43m [49m[43myticklabels[49m[38;5;241;43m=[39;49m[38;5;28;43;01mTrue[39;49;00m[43m,[49m[43m [49m[43max[49m[38;5;241;43m=[39;49m[43max[49m[43m)[49m

File [0;32m/opt/hostedtoolcache/Python/3.8.12/x64/lib/python3.8/site-packages/graphbook_code/plotting.py:852[0m, in [0;36mheatmap[0;34m(X, transform, figsize, title, context, font_scale, xticklabels, yticklabels, color, vmin, vmax, center, cbar, inner_hier_labels, outer_hier_labels, hier_label_fontsize, ax, title_pad, sort_nodes, n_colors, **kwargs)[0m
[1;32m    850[0m [38;5;28;01mif[39;00m n_colors [38;5;129;01mis[39;00m [38;5;129;01mnot[39;00m [38;5;28;01mNone[39;00m:
[1;32m    851[0m     cbar [38;5;241m=[39m ax[38;5;241m.[39mcollections[[38;5;241m0[39m][38;5;241m.[39mcolorbar
[0;32m--> 852[0m     [43mcbar[49m[38;5;241;43m.[39;49m[43mset_ticks[49m(np[38;5;241m.[39mlinspace(arr[38;5;241m.[39mmin(), arr[38;5;241m.[39mmax(), n_colors[38;5;241m*[39m[38;5;241m2[39m [38;5;241m+[39m [38;5;241m1[39m)[[38;5;241m2[39m[38;5;241m*[39mnp[38;5;241m.[39marange([38;5;241m0[39m, n_colors) [38;5;241m+[39m [38;5;241m1[39m])
[1;32m    853[0m     labs [38;5;241m=[39m [[38;5;28mstr[39m(x) [38;5;28;01mfor[39;00m x [38;5;129;01min[39;00m np[38;5;241m.[39munique(arr)] [38;5;28;01mif[39;00m X[38;5;241m.[39mdtype [38;5;241m!=[39m [38;5;124m'[39m[38;5;124mint64[39m[38;5;124m'[39m [38;5;28;01melse[39;00m [[38;5;28mstr[39m([38;5;28mint[39m(x)) [38;5;28;01mfor[39;00m x [38;5;129;01min[39;00m np[38;5;241m.[39munique(arr)]
[1;32m    854[0m     cbar[38;5;241m.[39mset_ticklabels(labs)

[0;31mAttributeError[0m: 'NoneType' object has no attribute 'set_ticks'
AttributeError: 'NoneType' object has no attribute 'set_ticks'

