Traceback (most recent call last):
  File "/opt/hostedtoolcache/Python/3.8.12/x64/lib/python3.8/site-packages/jupyter_cache/executors/utils.py", line 51, in single_nb_execution
    executenb(
  File "/opt/hostedtoolcache/Python/3.8.12/x64/lib/python3.8/site-packages/nbclient/client.py", line 1085, in execute
    return NotebookClient(nb=nb, resources=resources, km=km, **kwargs).execute()
  File "/opt/hostedtoolcache/Python/3.8.12/x64/lib/python3.8/site-packages/nbclient/util.py", line 84, in wrapped
    return just_run(coro(*args, **kwargs))
  File "/opt/hostedtoolcache/Python/3.8.12/x64/lib/python3.8/site-packages/nbclient/util.py", line 62, in just_run
    return loop.run_until_complete(coro)
  File "/opt/hostedtoolcache/Python/3.8.12/x64/lib/python3.8/asyncio/base_events.py", line 616, in run_until_complete
    return future.result()
  File "/opt/hostedtoolcache/Python/3.8.12/x64/lib/python3.8/site-packages/nbclient/client.py", line 551, in async_execute
    await self.async_execute_cell(
  File "/opt/hostedtoolcache/Python/3.8.12/x64/lib/python3.8/site-packages/nbclient/client.py", line 846, in async_execute_cell
    self._check_raise_for_error(cell, exec_reply)
  File "/opt/hostedtoolcache/Python/3.8.12/x64/lib/python3.8/site-packages/nbclient/client.py", line 748, in _check_raise_for_error
    raise CellExecutionError.from_cell_and_msg(cell, exec_reply_content)
nbclient.exceptions.CellExecutionError: An error occurred while executing the following cell:
------------------
from graspologic.plot import heatmap
import numpy as np
import matplotlib.pyplot as plt
from graphbook_code import ier

n = 5
P_hum = np.random.beta(size=n*n, a=3, b=8).reshape(n, n)
P_hum = (P_hum + P_hum.T)/2
P_hum = P_hum - np.diag(np.diag(P_hum))

nodenames = ["Occipital", "Frontal", "Temporal", "Frontal", "Insula"]
E = np.array([[0,1,1,1,1], [1,0,0,0,0], [1,0,0,0,0], [1,0,0,0,0], [1,0,0,0,0]], dtype=bool)
P_ast = np.copy(P_hum)

P_ast[E] = np.sqrt(P_ast[E])  # probabilities for signal edges are higher in astronauts than humans

Ahum = ier(P_hum, loops=False, directed=False)
Aast = ier(P_ast, loops=False, directed=False)

fig, axs = plt.subplots(1, 2, figsize=(20, 6))

heatmap(Ahum, ax=axs[0], xticklabels=[0.5, 1.5, 2.5, 3.5, 4.5],
                yticklabels=[0.5, 1.5, 2.5, 3.5, 4.5], title="Earthling Brain Network")
heatmap(Aast, ax=axs[1], xticklabels=[0.5, 1.5, 2.5, 3.5, 4.5],
                yticklabels=[0.5, 1.5, 2.5, 3.5, 4.5], title="Astronaut Brain Network")
axs[0].set_xticklabels(nodenames);
axs[1].set_xticklabels(nodenames);
axs[0].set_yticklabels(nodenames);
axs[1].set_yticklabels(nodenames);
------------------

[0;31m---------------------------------------------------------------------------[0m
[0;31mImportError[0m                               Traceback (most recent call last)
Input [0;32mIn [1][0m, in [0;36m<module>[0;34m[0m
[1;32m      2[0m [38;5;28;01mimport[39;00m [38;5;21;01mnumpy[39;00m [38;5;28;01mas[39;00m [38;5;21;01mnp[39;00m
[1;32m      3[0m [38;5;28;01mimport[39;00m [38;5;21;01mmatplotlib[39;00m[38;5;21;01m.[39;00m[38;5;21;01mpyplot[39;00m [38;5;28;01mas[39;00m [38;5;21;01mplt[39;00m
[0;32m----> 4[0m [38;5;28;01mfrom[39;00m [38;5;21;01mgraphbook_code[39;00m [38;5;28;01mimport[39;00m ier
[1;32m      6[0m n [38;5;241m=[39m [38;5;241m5[39m
[1;32m      7[0m P_hum [38;5;241m=[39m np[38;5;241m.[39mrandom[38;5;241m.[39mbeta(size[38;5;241m=[39mn[38;5;241m*[39mn, a[38;5;241m=[39m[38;5;241m3[39m, b[38;5;241m=[39m[38;5;241m8[39m)[38;5;241m.[39mreshape(n, n)

[0;31mImportError[0m: cannot import name 'ier' from 'graphbook_code' (/opt/hostedtoolcache/Python/3.8.12/x64/lib/python3.8/site-packages/graphbook_code/__init__.py)
ImportError: cannot import name 'ier' from 'graphbook_code' (/opt/hostedtoolcache/Python/3.8.12/x64/lib/python3.8/site-packages/graphbook_code/__init__.py)

