Traceback (most recent call last):
  File "/opt/hostedtoolcache/Python/3.8.13/x64/lib/python3.8/site-packages/jupyter_cache/executors/utils.py", line 51, in single_nb_execution
    executenb(
  File "/opt/hostedtoolcache/Python/3.8.13/x64/lib/python3.8/site-packages/nbclient/client.py", line 1204, in execute
    return NotebookClient(nb=nb, resources=resources, km=km, **kwargs).execute()
  File "/opt/hostedtoolcache/Python/3.8.13/x64/lib/python3.8/site-packages/nbclient/util.py", line 84, in wrapped
    return just_run(coro(*args, **kwargs))
  File "/opt/hostedtoolcache/Python/3.8.13/x64/lib/python3.8/site-packages/nbclient/util.py", line 62, in just_run
    return loop.run_until_complete(coro)
  File "/opt/hostedtoolcache/Python/3.8.13/x64/lib/python3.8/asyncio/base_events.py", line 616, in run_until_complete
    return future.result()
  File "/opt/hostedtoolcache/Python/3.8.13/x64/lib/python3.8/site-packages/nbclient/client.py", line 663, in async_execute
    await self.async_execute_cell(
  File "/opt/hostedtoolcache/Python/3.8.13/x64/lib/python3.8/site-packages/nbclient/client.py", line 965, in async_execute_cell
    await self._check_raise_for_error(cell, cell_index, exec_reply)
  File "/opt/hostedtoolcache/Python/3.8.13/x64/lib/python3.8/site-packages/nbclient/client.py", line 862, in _check_raise_for_error
    raise CellExecutionError.from_cell_and_msg(cell, exec_reply_content)
nbclient.exceptions.CellExecutionError: An error occurred while executing the following cell:
------------------
from graspologic.nominate import VNviaSGM

# nrep is the number of permutations to perform
# when nrep is higher, the assignments will be more precise
nrep = 1000
vn_sgm = VNviaSGM(graph_match_kws = {'padding': 'adopted'}, n_init=nrep)

def print_nominees(vn_noms, n_nominees=5):
    """
    A function to properly organize and round the nominees.
    """
    for i in range(0, n_nominees):
        print("Node {:d}, soft assignment score of {:.3f}".format(int(vn_noms[i, 0]), vn_noms[i, 1]))
    return

nominees = vn_sgm.fit_predict(Asoc, Asurvey_shuffled, voi, [soc_seeds, survey_seeds])
print_nominees(nominees, n_nominees=5)
------------------

[0;31m---------------------------------------------------------------------------[0m
[0;31mTypeError[0m                                 Traceback (most recent call last)
Input [0;32mIn [6][0m, in [0;36m<cell line: 17>[0;34m()[0m
[1;32m     14[0m     [38;5;28;01mreturn[39;00m
[1;32m     16[0m nominees [38;5;241m=[39m vn_sgm[38;5;241m.[39mfit_predict(Asoc, Asurvey_shuffled, voi, [soc_seeds, survey_seeds])
[0;32m---> 17[0m [43mprint_nominees[49m[43m([49m[43mnominees[49m[43m,[49m[43m [49m[43mn_nominees[49m[38;5;241;43m=[39;49m[38;5;241;43m5[39;49m[43m)[49m

Input [0;32mIn [6][0m, in [0;36mprint_nominees[0;34m(vn_noms, n_nominees)[0m
[1;32m      9[0m [38;5;124;03m"""[39;00m
[1;32m     10[0m [38;5;124;03mA function to properly organize and round the nominees.[39;00m
[1;32m     11[0m [38;5;124;03m"""[39;00m
[1;32m     12[0m [38;5;28;01mfor[39;00m i [38;5;129;01min[39;00m [38;5;28mrange[39m([38;5;241m0[39m, n_nominees):
[0;32m---> 13[0m     [38;5;28mprint[39m([38;5;124m"[39m[38;5;124mNode [39m[38;5;132;01m{:d}[39;00m[38;5;124m, soft assignment score of [39m[38;5;132;01m{:.3f}[39;00m[38;5;124m"[39m[38;5;241m.[39mformat([38;5;28mint[39m([43mvn_noms[49m[43m[[49m[43mi[49m[43m,[49m[43m [49m[38;5;241;43m0[39;49m[43m][49m), vn_noms[i, [38;5;241m1[39m]))
[1;32m     14[0m [38;5;28;01mreturn[39;00m

[0;31mTypeError[0m: 'NoneType' object is not subscriptable
TypeError: 'NoneType' object is not subscriptable

