Traceback (most recent call last):
  File "/opt/hostedtoolcache/Python/3.8.16/x64/lib/python3.8/site-packages/jupyter_cache/executors/utils.py", line 51, in single_nb_execution
    executenb(
  File "/opt/hostedtoolcache/Python/3.8.16/x64/lib/python3.8/site-packages/nbclient/client.py", line 1204, in execute
    return NotebookClient(nb=nb, resources=resources, km=km, **kwargs).execute()
  File "/opt/hostedtoolcache/Python/3.8.16/x64/lib/python3.8/site-packages/nbclient/util.py", line 84, in wrapped
    return just_run(coro(*args, **kwargs))
  File "/opt/hostedtoolcache/Python/3.8.16/x64/lib/python3.8/site-packages/nbclient/util.py", line 62, in just_run
    return loop.run_until_complete(coro)
  File "/opt/hostedtoolcache/Python/3.8.16/x64/lib/python3.8/asyncio/base_events.py", line 616, in run_until_complete
    return future.result()
  File "/opt/hostedtoolcache/Python/3.8.16/x64/lib/python3.8/site-packages/nbclient/client.py", line 663, in async_execute
    await self.async_execute_cell(
  File "/opt/hostedtoolcache/Python/3.8.16/x64/lib/python3.8/site-packages/nbclient/client.py", line 965, in async_execute_cell
    await self._check_raise_for_error(cell, cell_index, exec_reply)
  File "/opt/hostedtoolcache/Python/3.8.16/x64/lib/python3.8/site-packages/nbclient/client.py", line 862, in _check_raise_for_error
    raise CellExecutionError.from_cell_and_msg(cell, exec_reply_content)
nbclient.exceptions.CellExecutionError: An error occurred while executing the following cell:
------------------
from graspologic.simulations import sample_edges

P1 = np.array([[.5, .5, .5],
               [.5, .5, .5],
               [.5, .5, .5]])

P2 = np.array([[.5, .9, .5],
               [.9, .5, .5],
               [.5, .5, .5]])

# First group
n_networks = 20
neteworks = np.empty((2*n_networks, 3, 3))
for i in range(n_networks):
    networks[i,:,:] = sample_edges(P1)

# Second group
for i in range(n_networks, 2*n_networks):
    networks[i,:,:] = sample_edges(P2)

ys = np.array([1 for i in range(0, n_networks)] + [2 for i in range(0, n_networks)])
------------------

[0;31m---------------------------------------------------------------------------[0m
[0;31mTypeError[0m                                 Traceback (most recent call last)
Cell [0;32mIn[6], line 15[0m
[1;32m     13[0m neteworks [38;5;241m=[39m np[38;5;241m.[39mempty(([38;5;241m2[39m[38;5;241m*[39mn_networks, [38;5;241m3[39m, [38;5;241m3[39m))
[1;32m     14[0m [38;5;28;01mfor[39;00m i [38;5;129;01min[39;00m [38;5;28mrange[39m(n_networks):
[0;32m---> 15[0m     [43mnetworks[49m[43m[[49m[43mi[49m[43m,[49m[43m:[49m[43m,[49m[43m:[49m[43m][49m [38;5;241m=[39m sample_edges(P1)
[1;32m     17[0m [38;5;66;03m# Second group[39;00m
[1;32m     18[0m [38;5;28;01mfor[39;00m i [38;5;129;01min[39;00m [38;5;28mrange[39m(n_networks, [38;5;241m2[39m[38;5;241m*[39mn_networks):

[0;31mTypeError[0m: list indices must be integers or slices, not tuple
TypeError: list indices must be integers or slices, not tuple

