Traceback (most recent call last):
  File "/opt/hostedtoolcache/Python/3.8.12/x64/lib/python3.8/site-packages/jupyter_cache/executors/utils.py", line 51, in single_nb_execution
    executenb(
  File "/opt/hostedtoolcache/Python/3.8.12/x64/lib/python3.8/site-packages/nbclient/client.py", line 1204, in execute
    return NotebookClient(nb=nb, resources=resources, km=km, **kwargs).execute()
  File "/opt/hostedtoolcache/Python/3.8.12/x64/lib/python3.8/site-packages/nbclient/util.py", line 84, in wrapped
    return just_run(coro(*args, **kwargs))
  File "/opt/hostedtoolcache/Python/3.8.12/x64/lib/python3.8/site-packages/nbclient/util.py", line 62, in just_run
    return loop.run_until_complete(coro)
  File "/opt/hostedtoolcache/Python/3.8.12/x64/lib/python3.8/asyncio/base_events.py", line 616, in run_until_complete
    return future.result()
  File "/opt/hostedtoolcache/Python/3.8.12/x64/lib/python3.8/site-packages/nbclient/client.py", line 663, in async_execute
    await self.async_execute_cell(
  File "/opt/hostedtoolcache/Python/3.8.12/x64/lib/python3.8/site-packages/nbclient/client.py", line 965, in async_execute_cell
    await self._check_raise_for_error(cell, cell_index, exec_reply)
  File "/opt/hostedtoolcache/Python/3.8.12/x64/lib/python3.8/site-packages/nbclient/client.py", line 862, in _check_raise_for_error
    raise CellExecutionError.from_cell_and_msg(cell, exec_reply_content)
nbclient.exceptions.CellExecutionError: An error occurred while executing the following cell:
------------------
from graspologic.plot import pairplot

_ = pairplot(Xhat, labels=zvecaff, legend_name="Community")
------------------

[0;31m---------------------------------------------------------------------------[0m
[0;31mValueError[0m                                Traceback (most recent call last)
Input [0;32mIn [24][0m, in [0;36m<cell line: 3>[0;34m()[0m
[1;32m      1[0m [38;5;28;01mfrom[39;00m [38;5;21;01mgraspologic[39;00m[38;5;21;01m.[39;00m[38;5;21;01mplot[39;00m [38;5;28;01mimport[39;00m pairplot
[0;32m----> 3[0m _ [38;5;241m=[39m [43mpairplot[49m[43m([49m[43mXhat[49m[43m,[49m[43m [49m[43mlabels[49m[38;5;241;43m=[39;49m[43mzvecaff[49m[43m,[49m[43m [49m[43mlegend_name[49m[38;5;241;43m=[39;49m[38;5;124;43m"[39;49m[38;5;124;43mCommunity[39;49m[38;5;124;43m"[39;49m[43m)[49m

File [0;32m/opt/hostedtoolcache/Python/3.8.12/x64/lib/python3.8/site-packages/graspologic/plot/plot.py:631[0m, in [0;36mpairplot[0;34m(X, labels, col_names, title, legend_name, variables, height, context, font_scale, palette, alpha, size, marker, diag_kind)[0m
[1;32m    627[0m     [38;5;28;01melif[39;00m X[38;5;241m.[39mshape[[38;5;241m0[39m] [38;5;241m!=[39m [38;5;28mlen[39m(labels):
[1;32m    628[0m         msg [38;5;241m=[39m [38;5;124m"[39m[38;5;124mExpected length [39m[38;5;132;01m{}[39;00m[38;5;124m, but got length [39m[38;5;132;01m{}[39;00m[38;5;124m instead for Y.[39m[38;5;124m"[39m[38;5;241m.[39mformat(
[1;32m    629[0m             X[38;5;241m.[39mshape[[38;5;241m0[39m], [38;5;28mlen[39m(labels)
[1;32m    630[0m         )
[0;32m--> 631[0m         [38;5;28;01mraise[39;00m [38;5;167;01mValueError[39;00m(msg)
[1;32m    633[0m [38;5;66;03m# Handle col_names[39;00m
[1;32m    634[0m [38;5;28;01mif[39;00m col_names [38;5;129;01mis[39;00m [38;5;28;01mNone[39;00m:

[0;31mValueError[0m: Expected length 5, but got length 100 instead for Y.
ValueError: Expected length 5, but got length 100 instead for Y.

