Traceback (most recent call last):
  File "/opt/hostedtoolcache/Python/3.8.12/x64/lib/python3.8/site-packages/jupyter_cache/executors/utils.py", line 51, in single_nb_execution
    executenb(
  File "/opt/hostedtoolcache/Python/3.8.12/x64/lib/python3.8/site-packages/nbclient/client.py", line 1204, in execute
    return NotebookClient(nb=nb, resources=resources, km=km, **kwargs).execute()
  File "/opt/hostedtoolcache/Python/3.8.12/x64/lib/python3.8/site-packages/nbclient/util.py", line 84, in wrapped
    return just_run(coro(*args, **kwargs))
  File "/opt/hostedtoolcache/Python/3.8.12/x64/lib/python3.8/site-packages/nbclient/util.py", line 62, in just_run
    return loop.run_until_complete(coro)
  File "/opt/hostedtoolcache/Python/3.8.12/x64/lib/python3.8/asyncio/base_events.py", line 616, in run_until_complete
    return future.result()
  File "/opt/hostedtoolcache/Python/3.8.12/x64/lib/python3.8/site-packages/nbclient/client.py", line 663, in async_execute
    await self.async_execute_cell(
  File "/opt/hostedtoolcache/Python/3.8.12/x64/lib/python3.8/site-packages/nbclient/client.py", line 965, in async_execute_cell
    await self._check_raise_for_error(cell, cell_index, exec_reply)
  File "/opt/hostedtoolcache/Python/3.8.12/x64/lib/python3.8/site-packages/nbclient/client.py", line 862, in _check_raise_for_error
    raise CellExecutionError.from_cell_and_msg(cell, exec_reply_content)
nbclient.exceptions.CellExecutionError: An error occurred while executing the following cell:
------------------
import numpy as np
from graphbook_code import cmaps
import seaborn as sns

fig, axs = plt.subplots(1, 2, figsize=(12, 5))
nx.draw_kamada_kawai(g, node_color='black', node_size=50, width=2, ax=axs[0])
pos = nx.kamada_kawai_layout(g)
pos[1] += [0, .08]
pos[2] += [.05, .06]
pos[3] += [.05, -.1]
pos[4] += [.1, -.07]
pos[5] += [.08, -.03]
pos[6] += [0, -.13]
pos[7] += [.07, 0]
pos[8] += [-.05, 0]
nx.draw_networkx_labels(g, pos=pos, font_size=18, ax=axs[0])
axs[0].set_title("An 8-node business transaction network", fontsize=16);

# Generate a covariate matrix
columns = ["Company Size (# Workers)"]
covariates = np.array([[6, 15, 24, 23, 57, 25, 7, 1]]).T



# Plot and make the axis look nice
cov_plot = sns.heatmap(covariates, ax=axs[1], cmap=cmaps["sequential"], 
                       yticklabels=1, annot=True, cbar=False)
cov_plot.set(title="Company Size", xticks=[], 
       ylabel="Node label",)
cov_plot.set_yticklabels(range(1, 9));
------------------

[0;31m---------------------------------------------------------------------------[0m
[0;31mImportError[0m                               Traceback (most recent call last)
Input [0;32mIn [2][0m, in [0;36m<cell line: 2>[0;34m()[0m
[1;32m      1[0m [38;5;28;01mimport[39;00m [38;5;21;01mnumpy[39;00m [38;5;28;01mas[39;00m [38;5;21;01mnp[39;00m
[0;32m----> 2[0m [38;5;28;01mfrom[39;00m [38;5;21;01mgraphbook_code[39;00m [38;5;28;01mimport[39;00m cmaps
[1;32m      3[0m [38;5;28;01mimport[39;00m [38;5;21;01mseaborn[39;00m [38;5;28;01mas[39;00m [38;5;21;01msns[39;00m
[1;32m      5[0m fig, axs [38;5;241m=[39m plt[38;5;241m.[39msubplots([38;5;241m1[39m, [38;5;241m2[39m, figsize[38;5;241m=[39m([38;5;241m12[39m, [38;5;241m5[39m))

File [0;32m/opt/hostedtoolcache/Python/3.8.12/x64/lib/python3.8/site-packages/graphbook_code/__init__.py:30[0m, in [0;36m<module>[0;34m[0m
[1;32m     28[0m [38;5;28;01mfrom[39;00m [38;5;21;01m.[39;00m[38;5;21;01mutils[39;00m [38;5;28;01mimport[39;00m [38;5;241m*[39m
[1;32m     29[0m [38;5;28;01mfrom[39;00m [38;5;21;01m.[39;00m[38;5;21;01msiem[39;00m [38;5;28;01mimport[39;00m [38;5;241m*[39m
[0;32m---> 30[0m [38;5;28;01mfrom[39;00m [38;5;21;01m.[39;00m[38;5;21;01msbm[39;00m [38;5;28;01mimport[39;00m [38;5;241m*[39m
[1;32m     31[0m [38;5;28;01mfrom[39;00m [38;5;21;01m.[39;00m[38;5;21;01mier[39;00m [38;5;28;01mimport[39;00m [38;5;241m*[39m

File [0;32m/opt/hostedtoolcache/Python/3.8.12/x64/lib/python3.8/site-packages/graphbook_code/sbm.py:39[0m, in [0;36m<module>[0;34m[0m
[1;32m     37[0m [38;5;28;01mfrom[39;00m [38;5;21;01mpandas[39;00m [38;5;28;01mimport[39;00m DataFrame
[1;32m     38[0m [38;5;28;01mfrom[39;00m [38;5;21;01mhyppo[39;00m[38;5;21;01m.[39;00m[38;5;21;01mksample[39;00m [38;5;28;01mimport[39;00m KSample
[0;32m---> 39[0m [38;5;28;01mfrom[39;00m [38;5;21;01mFisherExact[39;00m [38;5;28;01mimport[39;00m fisher_exact
[1;32m     42[0m [38;5;28;01mdef[39;00m [38;5;21m_check_common_inputs[39m(
[1;32m     43[0m     n_components: Optional[[38;5;28mint[39m],
[1;32m     44[0m     min_comm: [38;5;28mint[39m,
[0;32m   (...)[0m
[1;32m     47[0m     embed_kws: Dict[[38;5;28mstr[39m, Any],
[1;32m     48[0m ) [38;5;241m-[39m[38;5;241m>[39m [38;5;28;01mNone[39;00m:
[1;32m     49[0m     [38;5;28;01mif[39;00m [38;5;129;01mnot[39;00m [38;5;28misinstance[39m(n_components, [38;5;28mint[39m) [38;5;129;01mand[39;00m n_components [38;5;129;01mis[39;00m [38;5;129;01mnot[39;00m [38;5;28;01mNone[39;00m:

File [0;32m/opt/hostedtoolcache/Python/3.8.12/x64/lib/python3.8/site-packages/FisherExact/__init__.py:14[0m, in [0;36m<module>[0;34m[0m
[1;32m      1[0m [38;5;66;03m# FisherExact Copyright (C) 2016  Emmanuel Noutahi[39;00m
[1;32m      2[0m [38;5;66;03m# This program is free software: you can redistribute it and/or modify[39;00m
[1;32m      3[0m [38;5;66;03m# it under the terms of the GNU General Public License as published by[39;00m
[0;32m   (...)[0m
[1;32m     11[0m [38;5;66;03m# You should have received a copy of the GNU General Public License[39;00m
[1;32m     12[0m [38;5;66;03m# along with this program.  If not, see <http://www.gnu.org/licenses/>.[39;00m
[0;32m---> 14[0m [38;5;28;01mfrom[39;00m [38;5;21;01m.[39;00m[38;5;21;01mFisher[39;00m [38;5;28;01mimport[39;00m fisher_exact
[1;32m     15[0m __all__ [38;5;241m=[39m [[38;5;124m'[39m[38;5;124mfisher_exact[39m[38;5;124m'[39m]

File [0;32m/opt/hostedtoolcache/Python/3.8.12/x64/lib/python3.8/site-packages/FisherExact/Fisher.py:4[0m, in [0;36m<module>[0;34m[0m
[1;32m      2[0m [38;5;28;01mimport[39;00m [38;5;21;01mscipy[39;00m[38;5;21;01m.[39;00m[38;5;21;01mstats[39;00m [38;5;28;01mas[39;00m [38;5;21;01mss[39;00m
[1;32m      3[0m [38;5;28;01mfrom[39;00m [38;5;21;01mscipy[39;00m[38;5;21;01m.[39;00m[38;5;21;01mspecial[39;00m [38;5;28;01mimport[39;00m gammaln [38;5;28;01mas[39;00m lgamma
[0;32m----> 4[0m [38;5;28;01mfrom[39;00m [38;5;21;01m.[39;00m[38;5;21;01mstatlib[39;00m [38;5;28;01mimport[39;00m fexact [38;5;28;01mas[39;00m f
[1;32m      5[0m [38;5;28;01mfrom[39;00m [38;5;21;01m.[39;00m[38;5;21;01mstatlib[39;00m[38;5;21;01m.[39;00m[38;5;21;01mfexact[39;00m [38;5;28;01mimport[39;00m fisher_exact [38;5;28;01mas[39;00m f_exact
[1;32m      6[0m [38;5;28;01mfrom[39;00m [38;5;21;01m.[39;00m[38;5;21;01mstatlib[39;00m[38;5;21;01m.[39;00m[38;5;21;01masa159[39;00m [38;5;28;01mimport[39;00m rcont2

[0;31mImportError[0m: numpy.core.multiarray failed to import
ImportError: numpy.core.multiarray failed to import

