Traceback (most recent call last):
  File "/opt/hostedtoolcache/Python/3.8.13/x64/lib/python3.8/site-packages/jupyter_cache/executors/utils.py", line 51, in single_nb_execution
    executenb(
  File "/opt/hostedtoolcache/Python/3.8.13/x64/lib/python3.8/site-packages/nbclient/client.py", line 1204, in execute
    return NotebookClient(nb=nb, resources=resources, km=km, **kwargs).execute()
  File "/opt/hostedtoolcache/Python/3.8.13/x64/lib/python3.8/site-packages/nbclient/util.py", line 84, in wrapped
    return just_run(coro(*args, **kwargs))
  File "/opt/hostedtoolcache/Python/3.8.13/x64/lib/python3.8/site-packages/nbclient/util.py", line 62, in just_run
    return loop.run_until_complete(coro)
  File "/opt/hostedtoolcache/Python/3.8.13/x64/lib/python3.8/asyncio/base_events.py", line 616, in run_until_complete
    return future.result()
  File "/opt/hostedtoolcache/Python/3.8.13/x64/lib/python3.8/site-packages/nbclient/client.py", line 663, in async_execute
    await self.async_execute_cell(
  File "/opt/hostedtoolcache/Python/3.8.13/x64/lib/python3.8/site-packages/nbclient/client.py", line 965, in async_execute_cell
    await self._check_raise_for_error(cell, cell_index, exec_reply)
  File "/opt/hostedtoolcache/Python/3.8.13/x64/lib/python3.8/site-packages/nbclient/client.py", line 862, in _check_raise_for_error
    raise CellExecutionError.from_cell_and_msg(cell, exec_reply_content)
nbclient.exceptions.CellExecutionError: An error occurred while executing the following cell:
------------------
import seaborn as sns
import matplotlib.pyplot as plt

fig, ax = plt.subplots(1,1, figsize=(10, 4))
palette = {"Males": "blue", "Females": "red"}
sns.scatterplot(data=lobst_dat, x="TotalLength", y="CrusherClawWidth", hue="Sex",
               palette=palette, ax=ax)
ax.set_xlabel("Total Length (TL)")
ax.set_ylabel("Crusher Claw Width (CW)")
ax.set_title("Plot of Lobster Claw Dataset");
------------------

[0;31m---------------------------------------------------------------------------[0m
[0;31mValueError[0m                                Traceback (most recent call last)
Input [0;32mIn [8][0m, in [0;36m<cell line: 6>[0;34m()[0m
[1;32m      4[0m fig, ax [38;5;241m=[39m plt[38;5;241m.[39msubplots([38;5;241m1[39m,[38;5;241m1[39m, figsize[38;5;241m=[39m([38;5;241m10[39m, [38;5;241m4[39m))
[1;32m      5[0m palette [38;5;241m=[39m {[38;5;124m"[39m[38;5;124mMales[39m[38;5;124m"[39m: [38;5;124m"[39m[38;5;124mblue[39m[38;5;124m"[39m, [38;5;124m"[39m[38;5;124mFemales[39m[38;5;124m"[39m: [38;5;124m"[39m[38;5;124mred[39m[38;5;124m"[39m}
[0;32m----> 6[0m [43msns[49m[38;5;241;43m.[39;49m[43mscatterplot[49m[43m([49m[43mdata[49m[38;5;241;43m=[39;49m[43mlobst_dat[49m[43m,[49m[43m [49m[43mx[49m[38;5;241;43m=[39;49m[38;5;124;43m"[39;49m[38;5;124;43mTotalLength[39;49m[38;5;124;43m"[39;49m[43m,[49m[43m [49m[43my[49m[38;5;241;43m=[39;49m[38;5;124;43m"[39;49m[38;5;124;43mCrusherClawWidth[39;49m[38;5;124;43m"[39;49m[43m,[49m[43m [49m[43mhue[49m[38;5;241;43m=[39;49m[38;5;124;43m"[39;49m[38;5;124;43mSex[39;49m[38;5;124;43m"[39;49m[43m,[49m
[1;32m      7[0m [43m               [49m[43mpalette[49m[38;5;241;43m=[39;49m[43mpalette[49m[43m,[49m[43m [49m[43max[49m[38;5;241;43m=[39;49m[43max[49m[43m)[49m
[1;32m      8[0m ax[38;5;241m.[39mset_xlabel([38;5;124m"[39m[38;5;124mTotal Length (TL)[39m[38;5;124m"[39m)
[1;32m      9[0m ax[38;5;241m.[39mset_ylabel([38;5;124m"[39m[38;5;124mCrusher Claw Width (CW)[39m[38;5;124m"[39m)

File [0;32m/opt/hostedtoolcache/Python/3.8.13/x64/lib/python3.8/site-packages/seaborn/_decorators.py:46[0m, in [0;36m_deprecate_positional_args.<locals>.inner_f[0;34m(*args, **kwargs)[0m
[1;32m     36[0m     warnings[38;5;241m.[39mwarn(
[1;32m     37[0m         [38;5;124m"[39m[38;5;124mPass the following variable[39m[38;5;132;01m{}[39;00m[38;5;124m as [39m[38;5;132;01m{}[39;00m[38;5;124mkeyword arg[39m[38;5;132;01m{}[39;00m[38;5;124m: [39m[38;5;132;01m{}[39;00m[38;5;124m. [39m[38;5;124m"[39m
[1;32m     38[0m         [38;5;124m"[39m[38;5;124mFrom version 0.12, the only valid positional argument [39m[38;5;124m"[39m
[0;32m   (...)[0m
[1;32m     43[0m         [38;5;167;01mFutureWarning[39;00m
[1;32m     44[0m     )
[1;32m     45[0m kwargs[38;5;241m.[39mupdate({k: arg [38;5;28;01mfor[39;00m k, arg [38;5;129;01min[39;00m [38;5;28mzip[39m(sig[38;5;241m.[39mparameters, args)})
[0;32m---> 46[0m [38;5;28;01mreturn[39;00m [43mf[49m[43m([49m[38;5;241;43m*[39;49m[38;5;241;43m*[39;49m[43mkwargs[49m[43m)[49m

File [0;32m/opt/hostedtoolcache/Python/3.8.13/x64/lib/python3.8/site-packages/seaborn/relational.py:808[0m, in [0;36mscatterplot[0;34m(x, y, hue, style, size, data, palette, hue_order, hue_norm, sizes, size_order, size_norm, markers, style_order, x_bins, y_bins, units, estimator, ci, n_boot, alpha, x_jitter, y_jitter, legend, ax, **kwargs)[0m
[1;32m    793[0m [38;5;129m@_deprecate_positional_args[39m
[1;32m    794[0m [38;5;28;01mdef[39;00m [38;5;21mscatterplot[39m(
[1;32m    795[0m     [38;5;241m*[39m,
[0;32m   (...)[0m
[1;32m    804[0m     legend[38;5;241m=[39m[38;5;124m"[39m[38;5;124mauto[39m[38;5;124m"[39m, ax[38;5;241m=[39m[38;5;28;01mNone[39;00m, [38;5;241m*[39m[38;5;241m*[39mkwargs
[1;32m    805[0m ):
[1;32m    807[0m     variables [38;5;241m=[39m _ScatterPlotter[38;5;241m.[39mget_semantics([38;5;28mlocals[39m())
[0;32m--> 808[0m     p [38;5;241m=[39m [43m_ScatterPlotter[49m[43m([49m
[1;32m    809[0m [43m        [49m[43mdata[49m[38;5;241;43m=[39;49m[43mdata[49m[43m,[49m[43m [49m[43mvariables[49m[38;5;241;43m=[39;49m[43mvariables[49m[43m,[49m
[1;32m    810[0m [43m        [49m[43mx_bins[49m[38;5;241;43m=[39;49m[43mx_bins[49m[43m,[49m[43m [49m[43my_bins[49m[38;5;241;43m=[39;49m[43my_bins[49m[43m,[49m
[1;32m    811[0m [43m        [49m[43mestimator[49m[38;5;241;43m=[39;49m[43mestimator[49m[43m,[49m[43m [49m[43mci[49m[38;5;241;43m=[39;49m[43mci[49m[43m,[49m[43m [49m[43mn_boot[49m[38;5;241;43m=[39;49m[43mn_boot[49m[43m,[49m
[1;32m    812[0m [43m        [49m[43malpha[49m[38;5;241;43m=[39;49m[43malpha[49m[43m,[49m[43m [49m[43mx_jitter[49m[38;5;241;43m=[39;49m[43mx_jitter[49m[43m,[49m[43m [49m[43my_jitter[49m[38;5;241;43m=[39;49m[43my_jitter[49m[43m,[49m[43m [49m[43mlegend[49m[38;5;241;43m=[39;49m[43mlegend[49m[43m,[49m
[1;32m    813[0m [43m    [49m[43m)[49m
[1;32m    815[0m     p[38;5;241m.[39mmap_hue(palette[38;5;241m=[39mpalette, order[38;5;241m=[39mhue_order, norm[38;5;241m=[39mhue_norm)
[1;32m    816[0m     p[38;5;241m.[39mmap_size(sizes[38;5;241m=[39msizes, order[38;5;241m=[39msize_order, norm[38;5;241m=[39msize_norm)

File [0;32m/opt/hostedtoolcache/Python/3.8.13/x64/lib/python3.8/site-packages/seaborn/relational.py:587[0m, in [0;36m_ScatterPlotter.__init__[0;34m(self, data, variables, x_bins, y_bins, estimator, ci, n_boot, alpha, x_jitter, y_jitter, legend)[0m
[1;32m    571[0m [38;5;28;01mdef[39;00m [38;5;21m__init__[39m(
[1;32m    572[0m     [38;5;28mself[39m, [38;5;241m*[39m,
[1;32m    573[0m     data[38;5;241m=[39m[38;5;28;01mNone[39;00m, variables[38;5;241m=[39m{},
[0;32m   (...)[0m
[1;32m    581[0m     [38;5;66;03m# the kind of plot to draw, but for the time being we need to set[39;00m
[1;32m    582[0m     [38;5;66;03m# this information so the SizeMapping can use it[39;00m
[1;32m    583[0m     [38;5;28mself[39m[38;5;241m.[39m_default_size_range [38;5;241m=[39m (
[1;32m    584[0m         np[38;5;241m.[39mr_[[38;5;241m.5[39m, [38;5;241m2[39m] [38;5;241m*[39m np[38;5;241m.[39msquare(mpl[38;5;241m.[39mrcParams[[38;5;124m"[39m[38;5;124mlines.markersize[39m[38;5;124m"[39m])
[1;32m    585[0m     )
[0;32m--> 587[0m     [38;5;28;43msuper[39;49m[43m([49m[43m)[49m[38;5;241;43m.[39;49m[38;5;21;43m__init__[39;49m[43m([49m[43mdata[49m[38;5;241;43m=[39;49m[43mdata[49m[43m,[49m[43m [49m[43mvariables[49m[38;5;241;43m=[39;49m[43mvariables[49m[43m)[49m
[1;32m    589[0m     [38;5;28mself[39m[38;5;241m.[39malpha [38;5;241m=[39m alpha
[1;32m    590[0m     [38;5;28mself[39m[38;5;241m.[39mlegend [38;5;241m=[39m legend

File [0;32m/opt/hostedtoolcache/Python/3.8.13/x64/lib/python3.8/site-packages/seaborn/_core.py:605[0m, in [0;36mVectorPlotter.__init__[0;34m(self, data, variables)[0m
[1;32m    603[0m [38;5;28;01mdef[39;00m [38;5;21m__init__[39m([38;5;28mself[39m, data[38;5;241m=[39m[38;5;28;01mNone[39;00m, variables[38;5;241m=[39m{}):
[0;32m--> 605[0m     [38;5;28;43mself[39;49m[38;5;241;43m.[39;49m[43massign_variables[49m[43m([49m[43mdata[49m[43m,[49m[43m [49m[43mvariables[49m[43m)[49m
[1;32m    607[0m     [38;5;28;01mfor[39;00m var, [38;5;28mcls[39m [38;5;129;01min[39;00m [38;5;28mself[39m[38;5;241m.[39m_semantic_mappings[38;5;241m.[39mitems():
[1;32m    608[0m 
[1;32m    609[0m         [38;5;66;03m# Create the mapping function[39;00m
[1;32m    610[0m         map_func [38;5;241m=[39m partial([38;5;28mcls[39m[38;5;241m.[39mmap, plotter[38;5;241m=[39m[38;5;28mself[39m)

File [0;32m/opt/hostedtoolcache/Python/3.8.13/x64/lib/python3.8/site-packages/seaborn/_core.py:668[0m, in [0;36mVectorPlotter.assign_variables[0;34m(self, data, variables)[0m
[1;32m    666[0m [38;5;28;01melse[39;00m:
[1;32m    667[0m     [38;5;28mself[39m[38;5;241m.[39minput_format [38;5;241m=[39m [38;5;124m"[39m[38;5;124mlong[39m[38;5;124m"[39m
[0;32m--> 668[0m     plot_data, variables [38;5;241m=[39m [38;5;28;43mself[39;49m[38;5;241;43m.[39;49m[43m_assign_variables_longform[49m[43m([49m
[1;32m    669[0m [43m        [49m[43mdata[49m[43m,[49m[43m [49m[38;5;241;43m*[39;49m[38;5;241;43m*[39;49m[43mvariables[49m[43m,[49m
[1;32m    670[0m [43m    [49m[43m)[49m
[1;32m    672[0m [38;5;28mself[39m[38;5;241m.[39mplot_data [38;5;241m=[39m plot_data
[1;32m    673[0m [38;5;28mself[39m[38;5;241m.[39mvariables [38;5;241m=[39m variables

File [0;32m/opt/hostedtoolcache/Python/3.8.13/x64/lib/python3.8/site-packages/seaborn/_core.py:903[0m, in [0;36mVectorPlotter._assign_variables_longform[0;34m(self, data, **kwargs)[0m
[1;32m    898[0m [38;5;28;01melif[39;00m [38;5;28misinstance[39m(val, ([38;5;28mstr[39m, [38;5;28mbytes[39m)):
[1;32m    899[0m 
[1;32m    900[0m     [38;5;66;03m# This looks like a column name but we don't know what it means![39;00m
[1;32m    902[0m     err [38;5;241m=[39m [38;5;124mf[39m[38;5;124m"[39m[38;5;124mCould not interpret value `[39m[38;5;132;01m{[39;00mval[38;5;132;01m}[39;00m[38;5;124m` for parameter `[39m[38;5;132;01m{[39;00mkey[38;5;132;01m}[39;00m[38;5;124m`[39m[38;5;124m"[39m
[0;32m--> 903[0m     [38;5;28;01mraise[39;00m [38;5;167;01mValueError[39;00m(err)
[1;32m    905[0m [38;5;28;01melse[39;00m:
[1;32m    906[0m 
[1;32m    907[0m     [38;5;66;03m# Otherwise, assume the value is itself data[39;00m
[1;32m    908[0m 
[1;32m    909[0m     [38;5;66;03m# Raise when data object is present and a vector can't matched[39;00m
[1;32m    910[0m     [38;5;28;01mif[39;00m [38;5;28misinstance[39m(data, pd[38;5;241m.[39mDataFrame) [38;5;129;01mand[39;00m [38;5;129;01mnot[39;00m [38;5;28misinstance[39m(val, pd[38;5;241m.[39mSeries):

[0;31mValueError[0m: Could not interpret value `TotalLength` for parameter `x`
ValueError: Could not interpret value `TotalLength` for parameter `x`

