Traceback (most recent call last):
  File "/opt/hostedtoolcache/Python/3.8.16/x64/lib/python3.8/site-packages/jupyter_cache/executors/utils.py", line 58, in single_nb_execution
    executenb(
  File "/opt/hostedtoolcache/Python/3.8.16/x64/lib/python3.8/site-packages/nbclient/client.py", line 1204, in execute
    return NotebookClient(nb=nb, resources=resources, km=km, **kwargs).execute()
  File "/opt/hostedtoolcache/Python/3.8.16/x64/lib/python3.8/site-packages/nbclient/util.py", line 84, in wrapped
    return just_run(coro(*args, **kwargs))
  File "/opt/hostedtoolcache/Python/3.8.16/x64/lib/python3.8/site-packages/nbclient/util.py", line 62, in just_run
    return loop.run_until_complete(coro)
  File "/opt/hostedtoolcache/Python/3.8.16/x64/lib/python3.8/asyncio/base_events.py", line 616, in run_until_complete
    return future.result()
  File "/opt/hostedtoolcache/Python/3.8.16/x64/lib/python3.8/site-packages/nbclient/client.py", line 663, in async_execute
    await self.async_execute_cell(
  File "/opt/hostedtoolcache/Python/3.8.16/x64/lib/python3.8/site-packages/nbclient/client.py", line 965, in async_execute_cell
    await self._check_raise_for_error(cell, cell_index, exec_reply)
  File "/opt/hostedtoolcache/Python/3.8.16/x64/lib/python3.8/site-packages/nbclient/client.py", line 862, in _check_raise_for_error
    raise CellExecutionError.from_cell_and_msg(cell, exec_reply_content)
nbclient.exceptions.CellExecutionError: An error occurred while executing the following cell:
------------------
from graspologic.simulations import sbm

ns = [10, 10]
# Make network
B = np.array([[0.8, 0.1], 
              [0.1, 0.8]])
A, zs = sbm(n=ns, p=B, return_labels=True)
zs = zs + 1  # to make 1s and 2s instead of 0s and 1s
------------------

[0;31m---------------------------------------------------------------------------[0m
[0;31mNameError[0m                                 Traceback (most recent call last)
Cell [0;32mIn[1], line 5[0m
[1;32m      3[0m ns [38;5;241m=[39m [[38;5;241m10[39m, [38;5;241m10[39m]
[1;32m      4[0m [38;5;66;03m# Make network[39;00m
[0;32m----> 5[0m B [38;5;241m=[39m [43mnp[49m[38;5;241m.[39marray([[[38;5;241m0.8[39m, [38;5;241m0.1[39m], 
[1;32m      6[0m               [[38;5;241m0.1[39m, [38;5;241m0.8[39m]])
[1;32m      7[0m A, zs [38;5;241m=[39m sbm(n[38;5;241m=[39mns, p[38;5;241m=[39mB, return_labels[38;5;241m=[39m[38;5;28;01mTrue[39;00m)
[1;32m      8[0m zs [38;5;241m=[39m zs [38;5;241m+[39m [38;5;241m1[39m  [38;5;66;03m# to make 1s and 2s instead of 0s and 1s[39;00m

[0;31mNameError[0m: name 'np' is not defined
NameError: name 'np' is not defined

