Traceback (most recent call last):
  File "/opt/hostedtoolcache/Python/3.8.16/x64/lib/python3.8/site-packages/jupyter_cache/executors/utils.py", line 58, in single_nb_execution
    executenb(
  File "/opt/hostedtoolcache/Python/3.8.16/x64/lib/python3.8/site-packages/nbclient/client.py", line 1204, in execute
    return NotebookClient(nb=nb, resources=resources, km=km, **kwargs).execute()
  File "/opt/hostedtoolcache/Python/3.8.16/x64/lib/python3.8/site-packages/nbclient/util.py", line 84, in wrapped
    return just_run(coro(*args, **kwargs))
  File "/opt/hostedtoolcache/Python/3.8.16/x64/lib/python3.8/site-packages/nbclient/util.py", line 62, in just_run
    return loop.run_until_complete(coro)
  File "/opt/hostedtoolcache/Python/3.8.16/x64/lib/python3.8/asyncio/base_events.py", line 616, in run_until_complete
    return future.result()
  File "/opt/hostedtoolcache/Python/3.8.16/x64/lib/python3.8/site-packages/nbclient/client.py", line 663, in async_execute
    await self.async_execute_cell(
  File "/opt/hostedtoolcache/Python/3.8.16/x64/lib/python3.8/site-packages/nbclient/client.py", line 965, in async_execute_cell
    await self._check_raise_for_error(cell, cell_index, exec_reply)
  File "/opt/hostedtoolcache/Python/3.8.16/x64/lib/python3.8/site-packages/nbclient/client.py", line 862, in _check_raise_for_error
    raise CellExecutionError.from_cell_and_msg(cell, exec_reply_content)
nbclient.exceptions.CellExecutionError: An error occurred while executing the following cell:
------------------
import contextlib
import datasets.dice as dice
from sklearn.metrics import confusion_matrix
from graphbook_code import cmaps

group_dest = os.path.join("./datasets/", "Yeo-7_space-MNI152NLin6_res-2x2x2.nii.gz")
request.urlretrieve("https://github.com/neurodata/neuroparc/blob/master/atlases/label/Human/" +
                    "Yeo-7_space-MNI152NLin6_res-2x2x2.nii.gz?raw=true",
                    group_dest);
roi_dest = os.path.join("./datasets/", "Schaefer200_space-MNI152NLin6_res-2x2x2.nii.gz")
request.urlretrieve("https://github.com/neurodata/neuroparc/blob/master/atlases/label/Human/" +
                    "Schaefer400_space-MNI152NLin6_res-2x2x2.nii.gz?raw=true",
                    roi_dest);

dicemap, _, _ = dice.dice_roi("./datasets/", "./datasets", "Yeo-7_space-MNI152NLin6_res-2x2x2.nii.gz", 
              "Schaefer200_space-MNI152NLin6_res-2x2x2.nii.gz", verbose=False, plot=False)
actual_cluster = np.argmax(dicemap, axis=0)[1:] - 1

# make confusion matrix
cf_matrix = confusion_matrix(actual_cluster, labels)
------------------

[0;31m---------------------------------------------------------------------------[0m
[0;31mExpiredDeprecationError[0m                   Traceback (most recent call last)
Cell [0;32mIn[8], line 15[0m
[1;32m     10[0m roi_dest [38;5;241m=[39m os[38;5;241m.[39mpath[38;5;241m.[39mjoin([38;5;124m"[39m[38;5;124m./datasets/[39m[38;5;124m"[39m, [38;5;124m"[39m[38;5;124mSchaefer200_space-MNI152NLin6_res-2x2x2.nii.gz[39m[38;5;124m"[39m)
[1;32m     11[0m request[38;5;241m.[39murlretrieve([38;5;124m"[39m[38;5;124mhttps://github.com/neurodata/neuroparc/blob/master/atlases/label/Human/[39m[38;5;124m"[39m [38;5;241m+[39m
[1;32m     12[0m                     [38;5;124m"[39m[38;5;124mSchaefer400_space-MNI152NLin6_res-2x2x2.nii.gz?raw=true[39m[38;5;124m"[39m,
[1;32m     13[0m                     roi_dest);
[0;32m---> 15[0m dicemap, _, _ [38;5;241m=[39m [43mdice[49m[38;5;241;43m.[39;49m[43mdice_roi[49m[43m([49m[38;5;124;43m"[39;49m[38;5;124;43m./datasets/[39;49m[38;5;124;43m"[39;49m[43m,[49m[43m [49m[38;5;124;43m"[39;49m[38;5;124;43m./datasets[39;49m[38;5;124;43m"[39;49m[43m,[49m[43m [49m[38;5;124;43m"[39;49m[38;5;124;43mYeo-7_space-MNI152NLin6_res-2x2x2.nii.gz[39;49m[38;5;124;43m"[39;49m[43m,[49m[43m [49m
[1;32m     16[0m [43m              [49m[38;5;124;43m"[39;49m[38;5;124;43mSchaefer200_space-MNI152NLin6_res-2x2x2.nii.gz[39;49m[38;5;124;43m"[39;49m[43m,[49m[43m [49m[43mverbose[49m[38;5;241;43m=[39;49m[38;5;28;43;01mFalse[39;49;00m[43m,[49m[43m [49m[43mplot[49m[38;5;241;43m=[39;49m[38;5;28;43;01mFalse[39;49;00m[43m)[49m
[1;32m     17[0m actual_cluster [38;5;241m=[39m np[38;5;241m.[39margmax(dicemap, axis[38;5;241m=[39m[38;5;241m0[39m)[[38;5;241m1[39m:] [38;5;241m-[39m [38;5;241m1[39m
[1;32m     19[0m [38;5;66;03m# make confusion matrix[39;00m

File [0;32m~/work/graph-stats-book/graph-stats-book/network_machine_learning_in_python/foundations/ch2/datasets/dice.py:32[0m, in [0;36mdice_roi[0;34m(input_dir, output_dir, atlas1, atlas2, verbose, plot)[0m
[1;32m     29[0m at1 [38;5;241m=[39m nb[38;5;241m.[39mload([38;5;124mf[39m[38;5;124m'[39m[38;5;132;01m{[39;00minput_dir[38;5;132;01m}[39;00m[38;5;124m/[39m[38;5;132;01m{[39;00matlas1[38;5;132;01m}[39;00m[38;5;124m'[39m)
[1;32m     30[0m at2 [38;5;241m=[39m nb[38;5;241m.[39mload([38;5;124mf[39m[38;5;124m'[39m[38;5;132;01m{[39;00minput_dir[38;5;132;01m}[39;00m[38;5;124m/[39m[38;5;132;01m{[39;00matlas2[38;5;132;01m}[39;00m[38;5;124m'[39m)
[0;32m---> 32[0m atlas1 [38;5;241m=[39m [43mat1[49m[38;5;241;43m.[39;49m[43mget_data[49m[43m([49m[43m)[49m
[1;32m     33[0m atlas2 [38;5;241m=[39m at2[38;5;241m.[39mget_data()
[1;32m     35[0m labs1 [38;5;241m=[39m np[38;5;241m.[39munique(atlas1)

File [0;32m/opt/hostedtoolcache/Python/3.8.16/x64/lib/python3.8/site-packages/nibabel/deprecator.py:185[0m, in [0;36mDeprecator.__call__.<locals>.deprecator.<locals>.deprecated_func[0;34m(*args, **kwargs)[0m
[1;32m    182[0m [38;5;129m@functools[39m[38;5;241m.[39mwraps(func)
[1;32m    183[0m [38;5;28;01mdef[39;00m [38;5;21mdeprecated_func[39m([38;5;241m*[39margs, [38;5;241m*[39m[38;5;241m*[39mkwargs):
[1;32m    184[0m     [38;5;28;01mif[39;00m until [38;5;129;01mand[39;00m [38;5;28mself[39m[38;5;241m.[39mis_bad_version(until):
[0;32m--> 185[0m         [38;5;28;01mraise[39;00m error_class(message)
[1;32m    186[0m     warnings[38;5;241m.[39mwarn(message, warn_class, stacklevel[38;5;241m=[39m[38;5;241m2[39m)
[1;32m    187[0m     [38;5;28;01mreturn[39;00m func([38;5;241m*[39margs, [38;5;241m*[39m[38;5;241m*[39mkwargs)

[0;31mExpiredDeprecationError[0m: get_data() is deprecated in favor of get_fdata(), which has a more predictable return type. To obtain get_data() behavior going forward, use numpy.asanyarray(img.dataobj).

* deprecated from version: 3.0
* Raises <class 'nibabel.deprecator.ExpiredDeprecationError'> as of version: 5.0
ExpiredDeprecationError: get_data() is deprecated in favor of get_fdata(), which has a more predictable return type. To obtain get_data() behavior going forward, use numpy.asanyarray(img.dataobj).

* deprecated from version: 3.0
* Raises <class 'nibabel.deprecator.ExpiredDeprecationError'> as of version: 5.0

