\BOOKMARK [-1][-]{part.1}{\376\377\000I\000\040\000I\000n\000t\000r\000o\000d\000u\000c\000t\000i\000o\000n}{}% 1
\BOOKMARK [0][-]{chapter.1}{\376\377\000P\000r\000e\000f\000a\000c\000e}{part.1}% 2
\BOOKMARK [1][-]{section.1.1}{\376\377\000N\000e\000t\000w\000o\000r\000k\000\040\000M\000a\000c\000h\000i\000n\000e\000\040\000L\000e\000a\000r\000n\000i\000n\000g\000\040\000a\000n\000d\000\040\000Y\000o\000u}{chapter.1}% 3
\BOOKMARK [1][-]{section.1.2}{\376\377\000N\000e\000t\000w\000o\000r\000k\000\040\000M\000a\000c\000h\000i\000n\000e\000\040\000L\000e\000a\000r\000n\000i\000n\000g\000\040\000i\000n\000\040\000Y\000o\000u\000r\000\040\000P\000r\000o\000j\000e\000c\000t\000s}{chapter.1}% 4
\BOOKMARK [1][-]{section.1.3}{\376\377\000O\000b\000j\000e\000c\000t\000i\000v\000e\000\040\000a\000n\000d\000\040\000A\000p\000p\000r\000o\000a\000c\000h}{chapter.1}% 5
\BOOKMARK [1][-]{section.1.4}{\376\377\000P\000r\000e\000r\000e\000q\000u\000i\000s\000i\000t\000e\000s}{chapter.1}% 6
\BOOKMARK [1][-]{section.1.5}{\376\377\000R\000o\000a\000d\000m\000a\000p}{chapter.1}% 7
\BOOKMARK [1][-]{section.1.6}{\376\377\000C\000o\000n\000v\000e\000n\000t\000i\000o\000n\000s\000\040\000U\000s\000e\000d\000\040\000I\000n\000\040\000T\000h\000i\000s\000\040\000B\000o\000o\000k}{chapter.1}% 8
\BOOKMARK [1][-]{section.1.7}{\376\377\000U\000s\000i\000n\000g\000\040\000C\000o\000d\000e\000\040\000E\000x\000a\000m\000p\000l\000e\000s}{chapter.1}% 9
\BOOKMARK [1][-]{section.1.8}{\376\377\000A\000b\000o\000u\000t\000\040\000t\000h\000e\000\040\000A\000u\000t\000h\000o\000r\000s}{chapter.1}% 10
\BOOKMARK [1][-]{section.1.9}{\376\377\000A\000c\000k\000n\000o\000w\000l\000e\000d\000g\000e\000m\000e\000n\000t\000s}{chapter.1}% 11
\BOOKMARK [1][-]{section.1.10}{\376\377\000F\000i\000n\000i\000s\000h\000e\000d\000\040\000S\000e\000c\000t\000i\000o\000n\000s}{chapter.1}% 12
\BOOKMARK [0][-]{chapter.2}{\376\377\000T\000e\000r\000m\000i\000n\000o\000l\000o\000g\000y\000\040\000a\000n\000d\000\040\000M\000a\000t\000h\000\040\000R\000e\000f\000r\000e\000s\000h\000e\000r}{part.1}% 13
\BOOKMARK [1][-]{section.2.1}{\376\377\000V\000e\000c\000t\000o\000r\000s\000,\000\040\000M\000a\000t\000r\000i\000c\000e\000s\000,\000\040\000a\000n\000d\000\040\000N\000u\000m\000e\000r\000i\000c\000a\000l\000\040\000S\000p\000a\000c\000e\000s}{chapter.2}% 14
\BOOKMARK [1][-]{section.2.2}{\376\377\000U\000s\000e\000f\000u\000l\000\040\000F\000u\000n\000c\000t\000i\000o\000n\000s}{chapter.2}% 15
\BOOKMARK [1][-]{section.2.3}{\376\377\000P\000r\000o\000b\000a\000b\000i\000l\000i\000t\000y}{chapter.2}% 16
\BOOKMARK [1][-]{section.2.4}{\376\377\000A\000d\000v\000a\000n\000c\000e\000d\000\040\000P\000r\000o\000b\000a\000b\000i\000l\000i\000t\000y\000*}{chapter.2}% 17
\BOOKMARK [-1][-]{part.2}{\376\377\000I\000I\000\040\000F\000o\000u\000n\000d\000a\000t\000i\000o\000n\000s}{}% 18
\BOOKMARK [0][-]{chapter.3}{\376\377\000T\000h\000e\000\040\000N\000e\000t\000w\000o\000r\000k\000\040\000M\000a\000c\000h\000i\000n\000e\000\040\000L\000e\000a\000r\000n\000i\000n\000g\000\040\000L\000a\000n\000d\000s\000c\000a\000p\000e}{part.2}% 19
\BOOKMARK [1][-]{section.3.1}{\376\377\000W\000h\000a\000t\000\040\000I\000s\000\040\000A\000\040\000N\000e\000t\000w\000o\000r\000k\000?}{chapter.3}% 20
\BOOKMARK [1][-]{section.3.2}{\376\377\000W\000h\000y\000\040\000S\000t\000u\000d\000y\000\040\000N\000e\000t\000w\000o\000r\000k\000s\000?}{chapter.3}% 21
\BOOKMARK [1][-]{section.3.3}{\376\377\000E\000x\000a\000m\000p\000l\000e\000s\000\040\000o\000f\000\040\000a\000p\000p\000l\000i\000c\000a\000t\000i\000o\000n\000s}{chapter.3}% 22
\BOOKMARK [1][-]{section.3.4}{\376\377\000T\000y\000p\000e\000s\000\040\000o\000f\000\040\000N\000e\000t\000w\000o\000r\000k\000s}{chapter.3}% 23
\BOOKMARK [1][-]{section.3.5}{\376\377\000T\000y\000p\000e\000s\000\040\000o\000f\000\040\000N\000e\000t\000w\000o\000r\000k\000\040\000L\000e\000a\000r\000n\000i\000n\000g\000\040\000P\000r\000o\000b\000l\000e\000m\000s}{chapter.3}% 24
\BOOKMARK [1][-]{section.3.6}{\376\377\000M\000a\000i\000n\000\040\000C\000h\000a\000l\000l\000e\000n\000g\000e\000s\000\040\000o\000f\000\040\000N\000e\000t\000w\000o\000r\000k\000\040\000L\000e\000a\000r\000n\000i\000n\000g}{chapter.3}% 25
\BOOKMARK [1][-]{section.3.7}{\376\377\000E\000x\000e\000r\000c\000i\000s\000e\000s}{chapter.3}% 26
\BOOKMARK [0][-]{chapter.4}{\376\377\000E\000n\000d\000-\000t\000o\000-\000e\000n\000d\000\040\000B\000i\000o\000l\000o\000g\000y\000\040\000N\000e\000t\000w\000o\000r\000k\000\040\000M\000a\000c\000h\000i\000n\000e\000\040\000L\000e\000a\000r\000n\000i\000n\000g\000\040\000P\000r\000o\000j\000e\000c\000t}{part.2}% 27
\BOOKMARK [1][-]{section.4.1}{\376\377\000L\000o\000o\000k\000\040\000a\000t\000\040\000t\000h\000e\000\040\000b\000i\000g\000\040\000p\000i\000c\000t\000u\000r\000e}{chapter.4}% 28
\BOOKMARK [1][-]{section.4.2}{\376\377\000G\000e\000t\000\040\000t\000h\000e\000\040\000D\000a\000t\000a}{chapter.4}% 29
\BOOKMARK [1][-]{section.4.3}{\376\377\000P\000r\000e\000p\000a\000r\000e\000\040\000t\000h\000e\000\040\000D\000a\000t\000a\000\040\000f\000o\000r\000\040\000N\000e\000t\000w\000o\000r\000k\000\040\000A\000l\000g\000o\000r\000i\000t\000h\000m\000s}{chapter.4}% 30
\BOOKMARK [1][-]{section.4.4}{\376\377\000T\000r\000a\000n\000s\000f\000o\000r\000m\000a\000t\000i\000o\000n\000\040\000T\000e\000c\000h\000n\000i\000q\000u\000e\000s}{chapter.4}% 31
\BOOKMARK [1][-]{section.4.5}{\376\377\000S\000e\000l\000e\000c\000t\000\040\000a\000n\000d\000\040\000T\000r\000a\000i\000n\000\040\000a\000\040\000M\000o\000d\000e\000l}{chapter.4}% 32
\BOOKMARK [1][-]{section.4.6}{\376\377\000F\000i\000n\000e\000-\000T\000u\000n\000e\000\040\000y\000o\000u\000r\000\040\000M\000o\000d\000e\000l}{chapter.4}% 33
\BOOKMARK [0][-]{chapter.5}{\376\377\000E\000n\000d\000-\000t\000o\000-\000e\000n\000d\000\040\000B\000u\000s\000i\000n\000e\000s\000s\000\040\000N\000e\000t\000w\000o\000r\000k\000\040\000M\000a\000c\000h\000i\000n\000e\000\040\000L\000e\000a\000r\000n\000i\000n\000g\000\040\000P\000r\000o\000j\000e\000c\000t}{part.2}% 34
\BOOKMARK [1][-]{section.5.1}{\376\377\000L\000o\000o\000k\000\040\000a\000t\000\040\000t\000h\000e\000\040\000B\000i\000g\000\040\000P\000i\000c\000t\000u\000r\000e}{chapter.5}% 35
\BOOKMARK [1][-]{section.5.2}{\376\377\000G\000e\000t\000\040\000t\000h\000e\000\040\000D\000a\000t\000a}{chapter.5}% 36
\BOOKMARK [1][-]{section.5.3}{\376\377\000D\000i\000s\000c\000o\000v\000e\000r\000\040\000a\000n\000d\000\040\000V\000i\000s\000u\000a\000l\000i\000z\000e\000\040\000t\000h\000e\000\040\000D\000a\000t\000a\000\040\000t\000o\000\040\000G\000a\000i\000n\000\040\000I\000n\000s\000i\000g\000h\000t\000s}{chapter.5}% 37
\BOOKMARK [1][-]{section.5.4}{\376\377\000P\000r\000e\000p\000a\000r\000e\000\040\000t\000h\000e\000\040\000D\000a\000t\000a\000\040\000f\000o\000r\000\040\000N\000e\000t\000w\000o\000r\000k\000\040\000A\000l\000g\000o\000r\000i\000t\000h\000m\000s}{chapter.5}% 38
\BOOKMARK [-1][-]{part.3}{\376\377\000I\000I\000I\000\040\000R\000e\000p\000r\000e\000s\000e\000n\000t\000a\000t\000i\000o\000n\000s}{}% 39
\BOOKMARK [0][-]{chapter.6}{\376\377\000P\000r\000o\000p\000e\000r\000t\000i\000e\000s\000\040\000o\000f\000\040\000N\000e\000t\000w\000o\000r\000k\000s\000\040\000a\000s\000\040\000a\000\040\000S\000t\000a\000t\000i\000s\000t\000i\000c\000a\000l\000\040\000O\000b\000j\000e\000c\000t}{part.3}% 40
\BOOKMARK [1][-]{section.6.1}{\376\377\000M\000a\000t\000r\000i\000x\000\040\000R\000e\000p\000r\000e\000s\000e\000n\000t\000a\000t\000i\000o\000n\000s\000\040\000O\000f\000\040\000N\000e\000t\000w\000o\000r\000k\000s}{chapter.6}% 41
\BOOKMARK [1][-]{section.6.2}{\376\377\000R\000e\000p\000r\000e\000s\000e\000n\000t\000a\000t\000i\000o\000n\000s\000\040\000o\000f\000\040\000N\000e\000t\000w\000o\000r\000k\000s}{chapter.6}% 42
\BOOKMARK [1][-]{section.6.3}{\376\377\000P\000r\000o\000p\000e\000r\000t\000i\000e\000s\000\040\000o\000f\000\040\000N\000e\000t\000w\000o\000r\000k\000s}{chapter.6}% 43
\BOOKMARK [1][-]{section.6.4}{\376\377\000R\000e\000g\000u\000l\000a\000r\000i\000z\000a\000t\000i\000o\000n}{chapter.6}% 44
\BOOKMARK [0][-]{chapter.7}{\376\377\000W\000h\000y\000\040\000U\000s\000e\000\040\000S\000t\000a\000t\000i\000s\000t\000i\000c\000a\000l\000\040\000M\000o\000d\000e\000l\000s\000?}{part.3}% 45
\BOOKMARK [1][-]{section.7.1}{\376\377\000W\000h\000y\000\040\000U\000s\000e\000\040\000S\000t\000a\000t\000i\000s\000t\000i\000c\000a\000l\000\040\000M\000o\000d\000e\000l\000s\000?}{chapter.7}% 46
\BOOKMARK [1][-]{section.7.2}{\376\377\000E\000r\000d\000\366\000s\000-\000R\000\351\000n\000y\000i\000\040\000\050\000E\000R\000\051\000\040\000R\000a\000n\000d\000o\000m\000\040\000N\000e\000t\000w\000o\000r\000k\000s}{chapter.7}% 47
